c:\users\lanza\onedrive\desktop\bostonexplorergame\debug\vc142.pdb
c:\users\lanza\onedrive\desktop\bostonexplorergame\debug\vc142.idb
c:\users\lanza\onedrive\desktop\bostonexplorergame\debug\records.obj
c:\users\lanza\onedrive\desktop\bostonexplorergame\debug\pointanimation.obj
c:\users\lanza\onedrive\desktop\bostonexplorergame\debug\point.obj
c:\users\lanza\onedrive\desktop\bostonexplorergame\debug\player.obj
c:\users\lanza\onedrive\desktop\bostonexplorergame\debug\winmain.obj
c:\users\lanza\onedrive\desktop\bostonexplorergame\debug\level.obj
c:\users\lanza\onedrive\desktop\bostonexplorergame\debug\game.obj
c:\users\lanza\onedrive\desktop\bostonexplorergame\debug\engine.obj
c:\users\lanza\onedrive\desktop\bostonexplorergame\debug\food.obj
c:\users\lanza\onedrive\desktop\bostonexplorergame\debug\audio.obj
c:\users\lanza\onedrive\desktop\bostonexplorergame\debug\sfml2.pdb
c:\users\lanza\onedrive\desktop\bostonexplorergame\debug\sfml2.tlog\cl.command.1.tlog
c:\users\lanza\onedrive\desktop\bostonexplorergame\debug\sfml2.tlog\cl.read.1.tlog
c:\users\lanza\onedrive\desktop\bostonexplorergame\debug\sfml2.tlog\cl.write.1.tlog
c:\users\lanza\onedrive\desktop\bostonexplorergame\debug\sfml2.tlog\link-cvtres.read.1.tlog
c:\users\lanza\onedrive\desktop\bostonexplorergame\debug\sfml2.tlog\link-cvtres.write.1.tlog
c:\users\lanza\onedrive\desktop\bostonexplorergame\debug\sfml2.tlog\link-rc.read.1.tlog
c:\users\lanza\onedrive\desktop\bostonexplorergame\debug\sfml2.tlog\link-rc.write.1.tlog
c:\users\lanza\onedrive\desktop\bostonexplorergame\debug\sfml2.tlog\link.command.1.tlog
c:\users\lanza\onedrive\desktop\bostonexplorergame\debug\sfml2.tlog\link.read.1.tlog
c:\users\lanza\onedrive\desktop\bostonexplorergame\debug\sfml2.tlog\link.write.1.tlog
